<?xml version="1.0" encoding="UTF-8"?>
<testsuite name="com.codehows.portfolio.PortFolioApplicationTests" tests="1" skipped="0" failures="0" errors="0" timestamp="2024-04-30T08:15:18" hostname="CODEPC13" time="0.592">
  <properties/>
  <testcase name="contextLoads()" classname="com.codehows.portfolio.PortFolioApplicationTests" time="0.592"/>
  <system-out><![CDATA[17:15:11.172 [Test worker] INFO org.springframework.test.context.support.AnnotationConfigContextLoaderUtils -- Could not detect default configuration classes for test class [com.codehows.portfolio.PortFolioApplicationTests]: PortFolioApplicationTests does not declare any static, non-private, non-final, nested classes annotated with @Configuration.
17:15:11.302 [Test worker] INFO org.springframework.boot.test.context.SpringBootTestContextBootstrapper -- Found @SpringBootConfiguration com.codehows.portfolio.PortFolioApplication for test class com.codehows.portfolio.PortFolioApplicationTests

  .   ____          _            __ _ _
 /\\ / ___'_ __ _ _(_)_ __  __ _ \ \ \ \
( ( )\___ | '_ | '_| | '_ \/ _` | \ \ \ \
 \\/  ___)| |_)| | | | | || (_| |  ) ) ) )
  '  |____| .__|_| |_|_| |_\__, | / / / /
 =========|_|==============|___/=/_/_/_/
 :: Spring Boot ::                (v3.2.5)

2024-04-30T17:15:12.015+09:00  INFO 20100 --- [portFolio] [    Test worker] c.c.portfolio.PortFolioApplicationTests  : Starting PortFolioApplicationTests using Java 17.0.9 with PID 20100 (started by codepc in C:\springbootwork\portFolio)
2024-04-30T17:15:12.017+09:00  INFO 20100 --- [portFolio] [    Test worker] c.c.portfolio.PortFolioApplicationTests  : No active profile set, falling back to 1 default profile: "default"
2024-04-30T17:15:13.026+09:00  INFO 20100 --- [portFolio] [    Test worker] .s.d.r.c.RepositoryConfigurationDelegate : Multiple Spring Data modules found, entering strict repository configuration mode
2024-04-30T17:15:13.028+09:00  INFO 20100 --- [portFolio] [    Test worker] .s.d.r.c.RepositoryConfigurationDelegate : Bootstrapping Spring Data JDBC repositories in DEFAULT mode.
2024-04-30T17:15:13.075+09:00  INFO 20100 --- [portFolio] [    Test worker] .RepositoryConfigurationExtensionSupport : Spring Data JDBC - Could not safely identify store assignment for repository candidate interface com.codehows.portfolio.repository.PortfolioRepository; If you want this repository to be a JDBC repository, consider annotating your entities with one of these annotations: org.springframework.data.relational.core.mapping.Table.
2024-04-30T17:15:13.078+09:00  INFO 20100 --- [portFolio] [    Test worker] .RepositoryConfigurationExtensionSupport : Spring Data JDBC - Could not safely identify store assignment for repository candidate interface com.codehows.portfolio.repository.RepresentPortfolioRepository; If you want this repository to be a JDBC repository, consider annotating your entities with one of these annotations: org.springframework.data.relational.core.mapping.Table.
2024-04-30T17:15:13.083+09:00  INFO 20100 --- [portFolio] [    Test worker] .RepositoryConfigurationExtensionSupport : Spring Data JDBC - Could not safely identify store assignment for repository candidate interface com.codehows.portfolio.repository.UserRepository; If you want this repository to be a JDBC repository, consider annotating your entities with one of these annotations: org.springframework.data.relational.core.mapping.Table.
2024-04-30T17:15:13.085+09:00  INFO 20100 --- [portFolio] [    Test worker] .s.d.r.c.RepositoryConfigurationDelegate : Finished Spring Data repository scanning in 50 ms. Found 0 JDBC repository interfaces.
2024-04-30T17:15:13.103+09:00  INFO 20100 --- [portFolio] [    Test worker] .s.d.r.c.RepositoryConfigurationDelegate : Multiple Spring Data modules found, entering strict repository configuration mode
2024-04-30T17:15:13.104+09:00  INFO 20100 --- [portFolio] [    Test worker] .s.d.r.c.RepositoryConfigurationDelegate : Bootstrapping Spring Data JPA repositories in DEFAULT mode.
2024-04-30T17:15:13.160+09:00  INFO 20100 --- [portFolio] [    Test worker] .s.d.r.c.RepositoryConfigurationDelegate : Finished Spring Data repository scanning in 50 ms. Found 3 JPA repository interfaces.
2024-04-30T17:15:13.816+09:00  INFO 20100 --- [portFolio] [    Test worker] com.zaxxer.hikari.HikariDataSource       : HikariPool-1 - Starting...
2024-04-30T17:15:14.184+09:00  INFO 20100 --- [portFolio] [    Test worker] com.zaxxer.hikari.pool.HikariPool        : HikariPool-1 - Added connection com.mysql.cj.jdbc.ConnectionImpl@65844c96
2024-04-30T17:15:14.187+09:00  INFO 20100 --- [portFolio] [    Test worker] com.zaxxer.hikari.HikariDataSource       : HikariPool-1 - Start completed.
2024-04-30T17:15:14.340+09:00  INFO 20100 --- [portFolio] [    Test worker] o.hibernate.jpa.internal.util.LogHelper  : HHH000204: Processing PersistenceUnitInfo [name: default]
2024-04-30T17:15:14.462+09:00  INFO 20100 --- [portFolio] [    Test worker] org.hibernate.Version                    : HHH000412: Hibernate ORM core version 6.4.4.Final
2024-04-30T17:15:14.526+09:00  INFO 20100 --- [portFolio] [    Test worker] o.h.c.internal.RegionFactoryInitiator    : HHH000026: Second-level cache disabled
2024-04-30T17:15:14.986+09:00  INFO 20100 --- [portFolio] [    Test worker] o.s.o.j.p.SpringPersistenceUnitInfo      : No LoadTimeWeaver setup: ignoring JPA class transformer
2024-04-30T17:15:15.086+09:00  WARN 20100 --- [portFolio] [    Test worker] org.hibernate.orm.deprecation            : HHH90000025: MySQL8Dialect does not need to be specified explicitly using 'hibernate.dialect' (remove the property setting and it will be selected by default)
2024-04-30T17:15:15.088+09:00  WARN 20100 --- [portFolio] [    Test worker] org.hibernate.orm.deprecation            : HHH90000026: MySQL8Dialect has been deprecated; use org.hibernate.dialect.MySQLDialect instead
2024-04-30T17:15:15.115+09:00 DEBUG 20100 --- [portFolio] [    Test worker] o.h.t.d.sql.spi.DdlTypeRegistry          : addDescriptor(12, org.hibernate.type.descriptor.sql.internal.CapacityDependentDdlType@7482309c) replaced previous registration(org.hibernate.type.descriptor.sql.internal.CapacityDependentDdlType@f42336c)
2024-04-30T17:15:15.116+09:00 DEBUG 20100 --- [portFolio] [    Test worker] o.h.t.d.sql.spi.DdlTypeRegistry          : addDescriptor(-9, org.hibernate.type.descriptor.sql.internal.CapacityDependentDdlType@6b3b4f37) replaced previous registration(org.hibernate.type.descriptor.sql.internal.CapacityDependentDdlType@3b25709e)
2024-04-30T17:15:15.116+09:00 DEBUG 20100 --- [portFolio] [    Test worker] o.h.t.d.sql.spi.DdlTypeRegistry          : addDescriptor(-3, org.hibernate.type.descriptor.sql.internal.CapacityDependentDdlType@5ec6a1b6) replaced previous registration(org.hibernate.type.descriptor.sql.internal.CapacityDependentDdlType@40013051)
2024-04-30T17:15:15.117+09:00 DEBUG 20100 --- [portFolio] [    Test worker] o.h.t.d.sql.spi.DdlTypeRegistry          : addDescriptor(4003, org.hibernate.type.descriptor.sql.internal.DdlTypeImpl@71f29d91) replaced previous registration(org.hibernate.type.descriptor.sql.internal.DdlTypeImpl@6143b2b1)
2024-04-30T17:15:15.117+09:00 DEBUG 20100 --- [portFolio] [    Test worker] o.h.t.d.sql.spi.DdlTypeRegistry          : addDescriptor(4001, org.hibernate.type.descriptor.sql.internal.DdlTypeImpl@a63643e) replaced previous registration(org.hibernate.type.descriptor.sql.internal.DdlTypeImpl@43294e9b)
2024-04-30T17:15:15.118+09:00 DEBUG 20100 --- [portFolio] [    Test worker] o.h.t.d.sql.spi.DdlTypeRegistry          : addDescriptor(4002, org.hibernate.type.descriptor.sql.internal.DdlTypeImpl@26d24d7a) replaced previous registration(org.hibernate.type.descriptor.sql.internal.DdlTypeImpl@5a78b52b)
2024-04-30T17:15:15.118+09:00 DEBUG 20100 --- [portFolio] [    Test worker] o.h.t.d.sql.spi.DdlTypeRegistry          : addDescriptor(2004, org.hibernate.type.descriptor.sql.internal.CapacityDependentDdlType@4bab78ce) replaced previous registration(org.hibernate.type.descriptor.sql.internal.DdlTypeImpl@42ffbab6)
2024-04-30T17:15:15.118+09:00 DEBUG 20100 --- [portFolio] [    Test worker] o.h.t.d.sql.spi.DdlTypeRegistry          : addDescriptor(2005, org.hibernate.type.descriptor.sql.internal.CapacityDependentDdlType@7672960e) replaced previous registration(org.hibernate.type.descriptor.sql.internal.DdlTypeImpl@69bca406)
2024-04-30T17:15:15.118+09:00 DEBUG 20100 --- [portFolio] [    Test worker] o.h.t.d.sql.spi.DdlTypeRegistry          : addDescriptor(2011, org.hibernate.type.descriptor.sql.internal.CapacityDependentDdlType@79c1ccf7) replaced previous registration(org.hibernate.type.descriptor.sql.internal.DdlTypeImpl@4654e373)
2024-04-30T17:15:16.224+09:00  INFO 20100 --- [portFolio] [    Test worker] o.h.e.t.j.p.i.JtaPlatformInitiator       : HHH000489: No JTA platform available (set 'hibernate.transaction.jta.platform' to enable JTA platform integration)
Hibernate: 
    alter table portf_folio_img 
       drop 
       foreign key FKthwq0fgptmpu50w9w0068uonr
Hibernate: 
    drop table if exists portf_folio_img
Hibernate: 
    drop table if exists port_folio
Hibernate: 
    drop table if exists represent_portfolio
Hibernate: 
    drop table if exists users
Hibernate: 
    create table portf_folio_img (
        fortfolio_id bigint,
        img_id bigint not null auto_increment,
        img_name varchar(255),
        img_url varchar(255),
        ori_img_name varchar(255),
        primary key (img_id)
    ) engine=InnoDB
Hibernate: 
    create table port_folio (
        create_time datetime(6),
        id bigint not null auto_increment,
        update_time datetime(6),
        my_skill varchar(255),
        phone varchar(255),
        port_email varchar(255),
        port_name varchar(255),
        summary varchar(255),
        title varchar(255) not null,
        project_intro tinytext not null,
        primary key (id)
    ) engine=InnoDB
Hibernate: 
    create table represent_portfolio (
        id bigint not null auto_increment,
        my_skill varchar(255),
        phone varchar(255),
        port_email varchar(255),
        port_name varchar(255),
        summary varchar(255),
        title varchar(255) not null,
        project_intro tinytext not null,
        primary key (id)
    ) engine=InnoDB
Hibernate: 
    create table users (
        id bigint not null auto_increment,
        email varchar(255) not null,
        password varchar(255),
        primary key (id)
    ) engine=InnoDB
Hibernate: 
    alter table users 
       add constraint UK_6dotkott2kjsp8vw4d0m25fb7 unique (email)
Hibernate: 
    alter table portf_folio_img 
       add constraint FKthwq0fgptmpu50w9w0068uonr 
       foreign key (fortfolio_id) 
       references port_folio (id)
2024-04-30T17:15:16.639+09:00  INFO 20100 --- [portFolio] [    Test worker] j.LocalContainerEntityManagerFactoryBean : Initialized JPA EntityManagerFactory for persistence unit 'default'
2024-04-30T17:15:17.131+09:00  WARN 20100 --- [portFolio] [    Test worker] JpaBaseConfiguration$JpaWebConfiguration : spring.jpa.open-in-view is enabled by default. Therefore, database queries may be performed during view rendering. Explicitly configure spring.jpa.open-in-view to disable this warning
2024-04-30T17:15:17.606+09:00  INFO 20100 --- [portFolio] [    Test worker] o.s.s.web.DefaultSecurityFilterChain     : Will secure any request with [org.springframework.security.web.session.DisableEncodeUrlFilter@4f96e484, org.springframework.security.web.context.request.async.WebAsyncManagerIntegrationFilter@3cc5ca01, org.springframework.security.web.context.SecurityContextHolderFilter@73b034ca, org.springframework.security.web.header.HeaderWriterFilter@2688b2be, org.springframework.web.filter.CorsFilter@22db12f6, org.springframework.security.web.authentication.logout.LogoutFilter@506d7fed, org.springframework.security.web.authentication.UsernamePasswordAuthenticationFilter@a904e64, org.springframework.security.web.savedrequest.RequestCacheAwareFilter@3f9ee527, org.springframework.security.web.servletapi.SecurityContextHolderAwareRequestFilter@2a41d17a, org.springframework.security.web.authentication.AnonymousAuthenticationFilter@68e6856c, org.springframework.security.web.access.ExceptionTranslationFilter@158b8d10, org.springframework.security.web.access.intercept.FilterSecurityInterceptor@70e07ef8]
2024-04-30T17:15:18.187+09:00  INFO 20100 --- [portFolio] [    Test worker] c.c.portfolio.PortFolioApplicationTests  : Started PortFolioApplicationTests in 6.577 seconds (process running for 8.03)
]]></system-out>
  <system-err><![CDATA[]]></system-err>
</testsuite>
